"../../../Engine/Content/Functions/Engine_MaterialFunctions01/Shading/PowerToRoughness.uasset" 0
"../../../Engine/Content/Functions/Engine_MaterialFunctions01/Shading/PowerToRoughness.uexp" 1
"../../../Engine/Content/Functions/Engine_MaterialFunctions01/Shading/ConvertFromDiffSpec.uasset" 2
"../../../Engine/Content/Functions/Engine_MaterialFunctions01/Shading/ConvertFromDiffSpec.uexp" 3
"../../../Engine/Content/EngineSounds/Master.uasset" 4
"../../../Engine/Content/EngineSounds/Master.uexp" 5
"../../../Engine/Content/EngineSky/VolumetricClouds/CloudWeatherTexture.uasset" 6
"../../../Engine/Content/EngineSky/VolumetricClouds/CloudWeatherTexture.uexp" 7
"../../../Engine/Content/Functions/Engine_MaterialFunctions02/Utility/MakeFloat2.uasset" 8
"../../../Engine/Content/Functions/Engine_MaterialFunctions02/Utility/MakeFloat2.uexp" 9
"../../../Engine/Content/EngineSky/VolumetricClouds/CloudGradientTexture.uasset" 10
"../../../Engine/Content/EngineSky/VolumetricClouds/CloudGradientTexture.uexp" 11
"../../../Engine/Content/EngineSky/VolumetricClouds/T_NoiseShape64.ubulk" 12
"../../../Engine/Content/EngineSky/VolumetricClouds/T_NoiseShape64.uasset" 13
"../../../Engine/Content/EngineSky/VolumetricClouds/T_NoiseShape64.uexp" 14
"../../../Engine/Content/EngineSky/VolumetricClouds/T_VolumeNoiseShape64.uasset" 15
"../../../Engine/Content/EngineSky/VolumetricClouds/T_VolumeNoiseShape64.uexp" 16
"../../../Engine/Content/EngineSky/VolumetricClouds/T_NoiseErosion.ubulk" 17
"../../../Engine/Content/EngineSky/VolumetricClouds/T_NoiseErosion.uasset" 18
"../../../Engine/Content/EngineSky/VolumetricClouds/T_NoiseErosion.uexp" 19
"../../../Engine/Content/EngineSky/VolumetricClouds/T_VolumeNoiseErosion32.uasset" 20
"../../../Engine/Content/EngineSky/VolumetricClouds/T_VolumeNoiseErosion32.uexp" 21
"../../../Engine/Content/EngineSky/VolumetricClouds/m_SimpleVolumetricCloud.uasset" 22
"../../../Engine/Content/EngineSky/VolumetricClouds/m_SimpleVolumetricCloud.uexp" 23
"../../../Engine/Content/EngineSky/VolumetricClouds/m_SimpleVolumetricCloud_Inst.uasset" 24
"../../../Engine/Content/EngineSky/VolumetricClouds/m_SimpleVolumetricCloud_Inst.uexp" 25
"../../../Engine/Content/EngineResources/GradientTexture0.uasset" 26
"../../../Engine/Content/EngineResources/GradientTexture0.uexp" 27
"../../../Engine/Content/EngineResources/DefaultVolumeTexture2D.uasset" 28
"../../../Engine/Content/EngineResources/DefaultVolumeTexture2D.uexp" 29
"../../../Engine/Content/EngineResources/DefaultVolumeTexture.uasset" 30
"../../../Engine/Content/EngineResources/DefaultVolumeTexture.uexp" 31
"../../../Engine/Content/EngineResources/DefaultTextureCube.uasset" 32
"../../../Engine/Content/EngineResources/DefaultTextureCube.uexp" 33
"../../../Engine/Content/EngineResources/DefaultTexture.ubulk" 34
"../../../Engine/Content/EngineResources/DefaultTexture.uasset" 35
"../../../Engine/Content/EngineResources/DefaultTexture.uexp" 36
"../../../Engine/Content/EngineResources/Black.uasset" 37
"../../../Engine/Content/EngineResources/Black.uexp" 38
"../../../Engine/Content/EngineResources/FilmGrains/Marcie_Grain_v3_128_M2_000.uasset" 39
"../../../Engine/Content/EngineResources/FilmGrains/Marcie_Grain_v3_128_M2_000.uexp" 40
"../../../Engine/Content/EngineMeshes/Sphere.ubulk" 41
"../../../Engine/Content/EngineMeshes/Sphere.uasset" 42
"../../../Engine/Content/EngineMeshes/Sphere.uexp" 43
"../../../Engine/Content/EngineResources/WhiteSquareTexture.uasset" 44
"../../../Engine/Content/EngineResources/WhiteSquareTexture.uexp" 45
"../../../Engine/Content/EngineMaterials/Widget3DPassThrough.uasset" 46
"../../../Engine/Content/EngineMaterials/Widget3DPassThrough.uexp" 47
"../../../Engine/Content/EngineMaterials/Widget3DPassThrough_Translucent.uasset" 48
"../../../Engine/Content/EngineMaterials/Widget3DPassThrough_Translucent.uexp" 49
"../../../Engine/Content/EngineMaterials/Widget3DPassThrough_Translucent_OneSided.uasset" 50
"../../../Engine/Content/EngineMaterials/Widget3DPassThrough_Translucent_OneSided.uexp" 51
"../../../Engine/Content/EngineMaterials/Widget3DPassThrough_Opaque.uasset" 52
"../../../Engine/Content/EngineMaterials/Widget3DPassThrough_Opaque.uexp" 53
"../../../Engine/Content/EngineMaterials/Widget3DPassThrough_Opaque_OneSided.uasset" 54
"../../../Engine/Content/EngineMaterials/Widget3DPassThrough_Opaque_OneSided.uexp" 55
"../../../Engine/Content/EngineMaterials/Widget3DPassThrough_Masked_OneSided.uasset" 56
"../../../Engine/Content/EngineMaterials/Widget3DPassThrough_Masked_OneSided.uexp" 57
"../../../Engine/Content/EngineMaterials/Widget3DPassThrough_Masked.uasset" 58
"../../../Engine/Content/EngineMaterials/Widget3DPassThrough_Masked.uexp" 59
"../../../Engine/Content/EngineMaterials/WeightMapPlaceholderTexture.uasset" 60
"../../../Engine/Content/EngineMaterials/WeightMapPlaceholderTexture.uexp" 61
"../../../Engine/Content/EngineMaterials/RemoveSurfaceMaterial.uasset" 62
"../../../Engine/Content/EngineMaterials/RemoveSurfaceMaterial.uexp" 63
"../../../Engine/Content/EngineMaterials/PreintegratedSkinBRDF.uasset" 64
"../../../Engine/Content/EngineMaterials/PreintegratedSkinBRDF.uexp" 65
"../../../Engine/Content/EngineMaterials/DefaultCalibrationGrayscale.uasset" 66
"../../../Engine/Content/EngineMaterials/DefaultCalibrationGrayscale.uexp" 67
"../../../Engine/Content/EngineMaterials/PPM_DefaultCalibrationGrayscale.uasset" 68
"../../../Engine/Content/EngineMaterials/PPM_DefaultCalibrationGrayscale.uexp" 69
"../../../Engine/Content/EngineMaterials/DefaultCalibrationColor.uasset" 70
"../../../Engine/Content/EngineMaterials/DefaultCalibrationColor.uexp" 71
"../../../Engine/Content/EngineMaterials/PPM_DefaultCalibrationColor.uasset" 72
"../../../Engine/Content/EngineMaterials/PPM_DefaultCalibrationColor.uexp" 73
"../../../Engine/Content/Functions/Engine_MaterialFunctions02/WorldPositionOffset/CameraOffset.uasset" 74
"../../../Engine/Content/Functions/Engine_MaterialFunctions02/WorldPositionOffset/CameraOffset.uexp" 75
"../../../Engine/Content/EngineMaterials/PhAT_JointLimitMaterial.uasset" 76
"../../../Engine/Content/EngineMaterials/PhAT_JointLimitMaterial.uexp" 77
"../../../Engine/Content/EngineMaterials/InvalidLightmapSettings.ubulk" 78
"../../../Engine/Content/EngineMaterials/InvalidLightmapSettings.uasset" 79
"../../../Engine/Content/EngineMaterials/InvalidLightmapSettings.uexp" 80
"../../../Engine/Content/EngineMaterials/M_InvalidLightmapSettings.uasset" 81
"../../../Engine/Content/EngineMaterials/M_InvalidLightmapSettings.uexp" 82
"../../../Engine/Content/EngineMaterials/MiniFont.uasset" 83
"../../../Engine/Content/EngineMaterials/MiniFont.uexp" 84
"../../../Engine/Content/EngineMaterials/Good64x64TilingNoiseHighFreq.uasset" 85
"../../../Engine/Content/EngineMaterials/Good64x64TilingNoiseHighFreq.uexp" 86
"../../../Engine/Content/EngineMaterials/GizmoMaterial.uasset" 87
"../../../Engine/Content/EngineMaterials/GizmoMaterial.uexp" 88
"../../../Engine/Content/EngineMaterials/BaseFlattenEmissiveMap_VT.uasset" 89
"../../../Engine/Content/EngineMaterials/BaseFlattenEmissiveMap_VT.uexp" 90
"../../../Engine/Content/EngineMaterials/BaseFlattenGrayscaleMap_VT.uasset" 91
"../../../Engine/Content/EngineMaterials/BaseFlattenGrayscaleMap_VT.uexp" 92
"../../../Engine/Content/EngineMaterials/BaseFlattenLinearColor_VT.uasset" 93
"../../../Engine/Content/EngineMaterials/BaseFlattenLinearColor_VT.uexp" 94
"../../../Engine/Content/EngineMaterials/Black_1x1_EXR_Texture_VT.uasset" 95
"../../../Engine/Content/EngineMaterials/Black_1x1_EXR_Texture_VT.uexp" 96
"../../../Engine/Content/EngineMaterials/BaseFlattenDiffuseMap_VT.uasset" 97
"../../../Engine/Content/EngineMaterials/BaseFlattenDiffuseMap_VT.uexp" 98
"../../../Engine/Content/EngineMaterials/BaseFlattenNormalMap_VT.uasset" 99
"../../../Engine/Content/EngineMaterials/BaseFlattenNormalMap_VT.uexp" 100
"../../../Engine/Content/EngineMaterials/FlattenMaterial_WS_Normal_VT.uasset" 101
"../../../Engine/Content/EngineMaterials/FlattenMaterial_WS_Normal_VT.uexp" 102
"../../../Engine/Content/EngineMaterials/FlattenMaterial_VT.uasset" 103
"../../../Engine/Content/EngineMaterials/FlattenMaterial_VT.uexp" 104
"../../../Engine/Content/EngineMaterials/BaseFlattenNormalMap.uasset" 105
"../../../Engine/Content/EngineMaterials/BaseFlattenNormalMap.uexp" 106
"../../../Engine/Content/EngineMaterials/BaseFlattenGrayscaleMap.uasset" 107
"../../../Engine/Content/EngineMaterials/BaseFlattenGrayscaleMap.uexp" 108
"../../../Engine/Content/EngineMaterials/BaseFlattenDiffuseMap.uasset" 109
"../../../Engine/Content/EngineMaterials/BaseFlattenDiffuseMap.uexp" 110
"../../../Engine/Content/Functions/Engine_MaterialFunctions02/PivotPainter2/Black_1x1_EXR_Texture.uasset" 111
"../../../Engine/Content/Functions/Engine_MaterialFunctions02/PivotPainter2/Black_1x1_EXR_Texture.uexp" 112
"../../../Engine/Content/EngineMaterials/BaseFlattenEmissiveMap.uasset" 113
"../../../Engine/Content/EngineMaterials/BaseFlattenEmissiveMap.uexp" 114
"../../../Engine/Content/EngineMaterials/BaseFlattenLinearColor.uasset" 115
"../../../Engine/Content/EngineMaterials/BaseFlattenLinearColor.uexp" 116
"../../../Engine/Content/EngineMaterials/FlattenMaterial.uasset" 117
"../../../Engine/Content/EngineMaterials/FlattenMaterial.uexp" 118
"../../../Engine/Content/EngineMaterials/DefaultWhiteGrid_Low.uasset" 119
"../../../Engine/Content/EngineMaterials/DefaultWhiteGrid_Low.uexp" 120
"../../../Engine/Content/EngineMaterials/EmissiveMeshMaterial.uasset" 121
"../../../Engine/Content/EngineMaterials/EmissiveMeshMaterial.uexp" 122
"../../../Engine/Content/EngineMaterials/DefaultWhiteGrid.ubulk" 123
"../../../Engine/Content/EngineMaterials/DefaultWhiteGrid.uasset" 124
"../../../Engine/Content/EngineMaterials/DefaultWhiteGrid.uexp" 125
"../../../Engine/Content/EngineFonts/RobotoDistanceField.uasset" 126
"../../../Engine/Content/EngineFonts/RobotoDistanceField.uexp" 127
"../../../Engine/Content/EngineMaterials/DefaultTextMaterialOpaque.uasset" 128
"../../../Engine/Content/EngineMaterials/DefaultTextMaterialOpaque.uexp" 129
"../../../Engine/Content/EngineMaterials/DefaultDiffuse.ubulk" 130
"../../../Engine/Content/EngineMaterials/DefaultDiffuse.uasset" 131
"../../../Engine/Content/EngineMaterials/DefaultDiffuse.uexp" 132
"../../../Engine/Content/Functions/Engine_MaterialFunctions02/Utility/BreakOutFloat2Components.uasset" 133
"../../../Engine/Content/Functions/Engine_MaterialFunctions02/Utility/BreakOutFloat2Components.uexp" 134
"../../../Engine/Content/EngineMaterials/DefaultPostProcessMaterial.uasset" 135
"../../../Engine/Content/EngineMaterials/DefaultPostProcessMaterial.uexp" 136
"../../../Engine/Content/EngineMaterials/DefaultPhysicalMaterial.uasset" 137
"../../../Engine/Content/EngineMaterials/DefaultPhysicalMaterial.uexp" 138
"../../../Engine/Content/EngineMaterials/DefaultLightFunctionMaterial.uasset" 139
"../../../Engine/Content/EngineMaterials/DefaultLightFunctionMaterial.uexp" 140
"../../../Engine/Content/EngineMaterials/DefaultDestructiblePhysicalMaterial.uasset" 141
"../../../Engine/Content/EngineMaterials/DefaultDestructiblePhysicalMaterial.uexp" 142
"../../../Engine/Content/EngineMaterials/DefaultDeferredDecalMaterial.uasset" 143
"../../../Engine/Content/EngineMaterials/DefaultDeferredDecalMaterial.uexp" 144
"../../../Engine/Content/EngineMaterials/DefaultBokeh.uasset" 145
"../../../Engine/Content/EngineMaterials/DefaultBokeh.uexp" 146
"../../../Engine/Content/EngineMaterials/DefaultBloomKernel.uasset" 147
"../../../Engine/Content/EngineMaterials/DefaultBloomKernel.uexp" 148
"../../../Engine/Content/EngineMaterials/BlueNoise.uasset" 149
"../../../Engine/Content/EngineMaterials/BlueNoise.uexp" 150
"../../../Engine/Content/Functions/Engine_MaterialFunctions02/Utility/CameraDirectionVector.uasset" 151
"../../../Engine/Content/Functions/Engine_MaterialFunctions02/Utility/CameraDirectionVector.uexp" 152
"../../../Engine/Content/EngineDebugMaterials/VolumeToRender.uasset" 153
"../../../Engine/Content/EngineDebugMaterials/VolumeToRender.uexp" 154
"../../../Engine/Content/EngineDebugMaterials/M_VolumeRenderSphereTracePP.uasset" 155
"../../../Engine/Content/EngineDebugMaterials/M_VolumeRenderSphereTracePP.uexp" 156
"../../../Engine/Content/EngineDebugMaterials/M_SimpleUnlitTranslucent.uasset" 157
"../../../Engine/Content/EngineDebugMaterials/M_SimpleUnlitTranslucent.uexp" 158
"../../../Engine/Content/EngineDebugMaterials/DebugMeshMaterial.uasset" 159
"../../../Engine/Content/EngineDebugMaterials/DebugMeshMaterial.uexp" 160
"../../../Engine/Content/EngineDebugMaterials/DebugEditorMaterial.uasset" 161
"../../../Engine/Content/EngineDebugMaterials/DebugEditorMaterial.uexp" 162
"../../../Engine/Content/EngineDamageTypes/DmgTypeBP_Environmental.uasset" 163
"../../../Engine/Content/EngineDamageTypes/DmgTypeBP_Environmental.uexp" 164
"../../../Engine/Content/EditorResources/S_TriggerSphere.uasset" 165
"../../../Engine/Content/EditorResources/S_TriggerSphere.uexp" 166
"../../../Engine/Content/EditorResources/S_TriggerCapsule.uasset" 167
"../../../Engine/Content/EditorResources/S_TriggerCapsule.uexp" 168
"../../../Engine/Content/EditorResources/S_TriggerBox.uasset" 169
"../../../Engine/Content/EditorResources/S_TriggerBox.uexp" 170
"../../../Engine/Content/EditorResources/S_Trigger.ubulk" 171
"../../../Engine/Content/EditorResources/S_Trigger.uasset" 172
"../../../Engine/Content/EditorResources/S_Trigger.uexp" 173
"../../../Engine/Content/EditorResources/S_Terrain.ubulk" 174
"../../../Engine/Content/EditorResources/S_Terrain.uasset" 175
"../../../Engine/Content/EditorResources/S_Terrain.uexp" 176
"../../../Engine/Content/EditorResources/S_Solver.ubulk" 177
"../../../Engine/Content/EditorResources/S_Solver.uasset" 178
"../../../Engine/Content/EditorResources/S_Solver.uexp" 179
"../../../Engine/Content/EditorResources/S_BoxReflectionCapture.uasset" 180
"../../../Engine/Content/EditorResources/S_BoxReflectionCapture.uexp" 181
"../../../Engine/Content/EditorResources/S_Actor.ubulk" 182
"../../../Engine/Content/EditorResources/S_Actor.uasset" 183
"../../../Engine/Content/EditorResources/S_Actor.uexp" 184
"../../../Engine/Content/EditorResources/BSPVertex.uasset" 185
"../../../Engine/Content/EditorResources/BSPVertex.uexp" 186
"../../../Engine/Content/EditorResources/SequenceRecorder/RecordingIndicator.uasset" 187
"../../../Engine/Content/EditorResources/SequenceRecorder/RecordingIndicator.uexp" 188
"../../../Engine/Content/EditorResources/SequenceRecorder/Countdown.uasset" 189
"../../../Engine/Content/EditorResources/SequenceRecorder/Countdown.uexp" 190
"../../../Engine/Content/EditorMaterials/Camera/CineMat.uasset" 191
"../../../Engine/Content/EditorMaterials/Camera/CineMat.uexp" 192
"../../../Engine/Content/EditorMaterials/Camera/MI_CineMat_Rig.uasset" 193
"../../../Engine/Content/EditorMaterials/Camera/MI_CineMat_Rig.uexp" 194
"../../../Engine/Content/EditorMeshes/Camera/SM_RailRig_Track.ubulk" 195
"../../../Engine/Content/EditorMeshes/Camera/SM_RailRig_Track.uasset" 196
"../../../Engine/Content/EditorMeshes/Camera/SM_RailRig_Track.uexp" 197
"../../../Engine/Content/EditorMeshes/Camera/SM_RailRig_Mount.ubulk" 198
"../../../Engine/Content/EditorMeshes/Camera/SM_RailRig_Mount.uasset" 199
"../../../Engine/Content/EditorMeshes/Camera/SM_RailRig_Mount.uexp" 200
"../../../Engine/Content/EditorMeshes/Camera/SM_CraneRig_Mount.ubulk" 201
"../../../Engine/Content/EditorMeshes/Camera/SM_CraneRig_Mount.uasset" 202
"../../../Engine/Content/EditorMeshes/Camera/SM_CraneRig_Mount.uexp" 203
"../../../Engine/Content/EditorMeshes/Camera/SM_CraneRig_Body.ubulk" 204
"../../../Engine/Content/EditorMeshes/Camera/SM_CraneRig_Body.uasset" 205
"../../../Engine/Content/EditorMeshes/Camera/SM_CraneRig_Body.uexp" 206
"../../../Engine/Content/EditorMeshes/Camera/SM_CraneRig_Base.ubulk" 207
"../../../Engine/Content/EditorMeshes/Camera/SM_CraneRig_Base.uasset" 208
"../../../Engine/Content/EditorMeshes/Camera/SM_CraneRig_Base.uexp" 209
"../../../Engine/Content/EditorMeshes/Camera/SM_CraneRig_Arm.ubulk" 210
"../../../Engine/Content/EditorMeshes/Camera/SM_CraneRig_Arm.uasset" 211
"../../../Engine/Content/EditorMeshes/Camera/SM_CraneRig_Arm.uexp" 212
"../../../Engine/Content/EditorMaterials/PreviewShadowIndicator.ubulk" 213
"../../../Engine/Content/EditorMaterials/PreviewShadowIndicator.uasset" 214
"../../../Engine/Content/EditorMaterials/PreviewShadowIndicator.uexp" 215
"../../../Engine/Content/EditorMaterials/PreviewShadowIndicatorMaterial.uasset" 216
"../../../Engine/Content/EditorMaterials/PreviewShadowIndicatorMaterial.uexp" 217
"../../../Engine/Content/EditorMaterials/MAT_Groups_Visibility.uasset" 218
"../../../Engine/Content/EditorMaterials/MAT_Groups_Visibility.uexp" 219
"../../../Engine/Content/EditorMaterials/MAT_Groups_Toggle.uasset" 220
"../../../Engine/Content/EditorMaterials/MAT_Groups_Toggle.uexp" 221
"../../../Engine/Content/Functions/Engine_MaterialFunctions02/Utility/MakeFloat4.uasset" 222
"../../../Engine/Content/Functions/Engine_MaterialFunctions02/Utility/MakeFloat4.uexp" 223
"../../../Engine/Content/Functions/Engine_MaterialFunctions02/Utility/MakeFloat3.uasset" 224
"../../../Engine/Content/Functions/Engine_MaterialFunctions02/Utility/MakeFloat3.uexp" 225
"../../../Engine/Content/Functions/Engine_MaterialFunctions02/Utility/BreakOutFloat3Components.uasset" 226
"../../../Engine/Content/Functions/Engine_MaterialFunctions02/Utility/BreakOutFloat3Components.uexp" 227
"../../../Engine/Content/EditorMaterials/WorldPartition/WorldPartitionSpatialHashGridPreviewMaterial.uasset" 228
"../../../Engine/Content/EditorMaterials/WorldPartition/WorldPartitionSpatialHashGridPreviewMaterial.uexp" 229
"../../../Engine/Content/EditorMaterials/ParticleSystems/PSysThumbnail_OOD.ubulk" 230
"../../../Engine/Content/EditorMaterials/ParticleSystems/PSysThumbnail_OOD.uasset" 231
"../../../Engine/Content/EditorMaterials/ParticleSystems/PSysThumbnail_OOD.uexp" 232
"../../../Engine/Content/EditorMaterials/ParticleSystems/PSysThumbnail_NoImage.ubulk" 233
"../../../Engine/Content/EditorMaterials/ParticleSystems/PSysThumbnail_NoImage.uasset" 234
"../../../Engine/Content/EditorMaterials/ParticleSystems/PSysThumbnail_NoImage.uexp" 235
"../../../Engine/Content/EditorMaterials/MatineeGroups/MAT_Groups_Vector.uasset" 236
"../../../Engine/Content/EditorMaterials/MatineeGroups/MAT_Groups_Vector.uexp" 237
"../../../Engine/Content/EditorMaterials/MatineeGroups/MAT_Groups_Sound.uasset" 238
"../../../Engine/Content/EditorMaterials/MatineeGroups/MAT_Groups_Sound.uexp" 239
"../../../Engine/Content/EditorMaterials/MatineeGroups/MAT_Groups_Slomo.uasset" 240
"../../../Engine/Content/EditorMaterials/MatineeGroups/MAT_Groups_Slomo.uexp" 241
"../../../Engine/Content/EditorMaterials/MatineeGroups/MAT_Groups_Move.uasset" 242
"../../../Engine/Content/EditorMaterials/MatineeGroups/MAT_Groups_Move.uexp" 243
"../../../Engine/Content/EditorMaterials/MatineeGroups/MAT_Groups_Float.uasset" 244
"../../../Engine/Content/EditorMaterials/MatineeGroups/MAT_Groups_Float.uexp" 245
"../../../Engine/Content/EditorMaterials/MatineeGroups/MAT_Groups_Fade.uasset" 246
"../../../Engine/Content/EditorMaterials/MatineeGroups/MAT_Groups_Fade.uexp" 247
"../../../Engine/Content/EditorMaterials/MatineeGroups/MAT_Groups_Event.uasset" 248
"../../../Engine/Content/EditorMaterials/MatineeGroups/MAT_Groups_Event.uexp" 249
"../../../Engine/Content/EditorMaterials/MatineeGroups/MAT_Groups_Director.uasset" 250
"../../../Engine/Content/EditorMaterials/MatineeGroups/MAT_Groups_Director.uexp" 251
"../../../Engine/Content/EditorMaterials/MatineeGroups/MAT_Groups_AudioMaster.uasset" 252
"../../../Engine/Content/EditorMaterials/MatineeGroups/MAT_Groups_AudioMaster.uexp" 253
"../../../Engine/Content/EditorMaterials/MatineeGroups/MAT_Groups_Anim.uasset" 254
"../../../Engine/Content/EditorMaterials/MatineeGroups/MAT_Groups_Anim.uexp" 255
"../../../Engine/Content/EditorMaterials/MatineeGroups/MAT_ColorTrack.uasset" 256
"../../../Engine/Content/EditorMaterials/MatineeGroups/MAT_ColorTrack.uexp" 257
"../../../Engine/Content/EditorLandscapeResources/DefaultAlphaTexture.uasset" 258
"../../../Engine/Content/EditorLandscapeResources/DefaultAlphaTexture.uexp" 259
"../../../Engine/Content/EditorLandscapeResources/DataLayer.uasset" 260
"../../../Engine/Content/EditorLandscapeResources/DataLayer.uexp" 261
"../../../Engine/Content/EngineMaterials/T_Default_Material_Grid_M.ubulk" 262
"../../../Engine/Content/EngineMaterials/T_Default_Material_Grid_M.uasset" 263
"../../../Engine/Content/EngineMaterials/T_Default_Material_Grid_M.uexp" 264
"../../../Engine/Content/EngineMaterials/T_Default_Material_Grid_N.ubulk" 265
"../../../Engine/Content/EngineMaterials/T_Default_Material_Grid_N.uasset" 266
"../../../Engine/Content/EngineMaterials/T_Default_Material_Grid_N.uexp" 267
"../../../Engine/Content/Functions/Engine_MaterialFunctions01/Opacity/CameraDepthFade.uasset" 268
"../../../Engine/Content/Functions/Engine_MaterialFunctions01/Opacity/CameraDepthFade.uexp" 269
"../../../Engine/Content/EngineMaterials/DefaultMaterial.uasset" 270
"../../../Engine/Content/EngineMaterials/DefaultMaterial.uexp" 271
"../../../Engine/Content/BasicShapes/Sphere.ubulk" 272
"../../../Engine/Content/BasicShapes/Sphere.uasset" 273
"../../../Engine/Content/BasicShapes/Sphere.uexp" 274
"../../../Engine/Content/EngineMaterials/WorldGridMaterial.uasset" 275
"../../../Engine/Content/EngineMaterials/WorldGridMaterial.uexp" 276
"../../../Engine/Content/BasicShapes/Plane.ubulk" 277
"../../../Engine/Content/BasicShapes/Plane.uasset" 278
"../../../Engine/Content/BasicShapes/Plane.uexp" 279
"../../../Engine/Content/BasicShapes/Cylinder.ubulk" 280
"../../../Engine/Content/BasicShapes/Cylinder.uasset" 281
"../../../Engine/Content/BasicShapes/Cylinder.uexp" 282
"../../../Engine/Content/BasicShapes/Cube.ubulk" 283
"../../../Engine/Content/BasicShapes/Cube.uasset" 284
"../../../Engine/Content/BasicShapes/Cube.uexp" 285
"../../../Engine/Content/BasicShapes/Cone.ubulk" 286
"../../../Engine/Content/BasicShapes/Cone.uasset" 287
"../../../Engine/Content/BasicShapes/Cone.uexp" 288
"../../../Engine/Content/ArtTools/RenderToTexture/Meshes/S_1_Unit_Plane.ubulk" 289
"../../../Engine/Content/ArtTools/RenderToTexture/Meshes/S_1_Unit_Plane.uasset" 290
"../../../Engine/Content/ArtTools/RenderToTexture/Meshes/S_1_Unit_Plane.uexp" 291
"C:/dev/Unreal Engine/ProjectCharted/Content/UserInterface/Files/PS5/PS5_Touch_Pad.uasset" 292
"C:/dev/Unreal Engine/ProjectCharted/Content/UserInterface/Files/PS5/PS5_Touch_Pad.uexp" 293
"C:/dev/Unreal Engine/ProjectCharted/Content/UserInterface/Files/PS5/PS5_Share_Alt.uasset" 294
"C:/dev/Unreal Engine/ProjectCharted/Content/UserInterface/Files/PS5/PS5_Share_Alt.uexp" 295
"C:/dev/Unreal Engine/ProjectCharted/Content/UserInterface/Files/PS5/PS5_Share.uasset" 296
"C:/dev/Unreal Engine/ProjectCharted/Content/UserInterface/Files/PS5/PS5_Share.uexp" 297
"C:/dev/Unreal Engine/ProjectCharted/Content/UserInterface/Files/PS5/PS5_Right_Stick_Click.uasset" 298
"C:/dev/Unreal Engine/ProjectCharted/Content/UserInterface/Files/PS5/PS5_Right_Stick_Click.uexp" 299
"C:/dev/Unreal Engine/ProjectCharted/Content/UserInterface/Files/PS5/PS5_Right_Stick.uasset" 300
"C:/dev/Unreal Engine/ProjectCharted/Content/UserInterface/Files/PS5/PS5_Right_Stick.uexp" 301
"C:/dev/Unreal Engine/ProjectCharted/Content/UserInterface/Files/PS5/PS5_R2.uasset" 302
"C:/dev/Unreal Engine/ProjectCharted/Content/UserInterface/Files/PS5/PS5_R2.uexp" 303
"C:/dev/Unreal Engine/ProjectCharted/Content/UserInterface/Files/PS5/PS5_R1.uasset" 304
"C:/dev/Unreal Engine/ProjectCharted/Content/UserInterface/Files/PS5/PS5_R1.uexp" 305
"C:/dev/Unreal Engine/ProjectCharted/Content/UserInterface/Files/PS5/PS5_Options_Alt.uasset" 306
"C:/dev/Unreal Engine/ProjectCharted/Content/UserInterface/Files/PS5/PS5_Options_Alt.uexp" 307
"C:/dev/Unreal Engine/ProjectCharted/Content/UserInterface/Files/PS5/PS5_Options.uasset" 308
"C:/dev/Unreal Engine/ProjectCharted/Content/UserInterface/Files/PS5/PS5_Options.uexp" 309
"C:/dev/Unreal Engine/ProjectCharted/Content/UserInterface/Files/PS5/PS5_Microphone.uasset" 310
"C:/dev/Unreal Engine/ProjectCharted/Content/UserInterface/Files/PS5/PS5_Microphone.uexp" 311
"C:/dev/Unreal Engine/ProjectCharted/Content/UserInterface/Files/PS5/PS5_Left_Stick_Click.uasset" 312
"C:/dev/Unreal Engine/ProjectCharted/Content/UserInterface/Files/PS5/PS5_Left_Stick_Click.uexp" 313
"C:/dev/Unreal Engine/ProjectCharted/Content/UserInterface/Files/PS5/PS5_Left_Stick.uasset" 314
"C:/dev/Unreal Engine/ProjectCharted/Content/UserInterface/Files/PS5/PS5_Left_Stick.uexp" 315
"C:/dev/Unreal Engine/ProjectCharted/Content/UserInterface/Files/PS5/PS5_L2.uasset" 316
"C:/dev/Unreal Engine/ProjectCharted/Content/UserInterface/Files/PS5/PS5_L2.uexp" 317
"C:/dev/Unreal Engine/ProjectCharted/Content/UserInterface/Files/PS5/PS5_Dpad_Up.uasset" 318
"C:/dev/Unreal Engine/ProjectCharted/Content/UserInterface/Files/PS5/PS5_Dpad_Up.uexp" 319
"C:/dev/Unreal Engine/ProjectCharted/Content/UserInterface/Files/PS5/PS5_Dpad_Right.uasset" 320
"C:/dev/Unreal Engine/ProjectCharted/Content/UserInterface/Files/PS5/PS5_Dpad_Right.uexp" 321
"C:/dev/Unreal Engine/ProjectCharted/Content/UserInterface/Files/PS5/PS5_Dpad_Left.uasset" 322
"C:/dev/Unreal Engine/ProjectCharted/Content/UserInterface/Files/PS5/PS5_Dpad_Left.uexp" 323
"C:/dev/Unreal Engine/ProjectCharted/Content/UserInterface/Files/PS5/PS5_Dpad_Down.uasset" 324
"C:/dev/Unreal Engine/ProjectCharted/Content/UserInterface/Files/PS5/PS5_Dpad_Down.uexp" 325
"C:/dev/Unreal Engine/ProjectCharted/Content/UserInterface/Files/PS5/PS5_Dpad.uasset" 326
"C:/dev/Unreal Engine/ProjectCharted/Content/UserInterface/Files/PS5/PS5_Dpad.uexp" 327
"C:/dev/Unreal Engine/ProjectCharted/Content/UserInterface/Files/PS5/PS5_Diagram_Simple.uasset" 328
"C:/dev/Unreal Engine/ProjectCharted/Content/UserInterface/Files/PS5/PS5_Diagram_Simple.uexp" 329
"C:/dev/Unreal Engine/ProjectCharted/Content/UserInterface/Files/PS5/PS5_Diagram.uasset" 330
"C:/dev/Unreal Engine/ProjectCharted/Content/UserInterface/Files/PS5/PS5_Diagram.uexp" 331
"C:/dev/Unreal Engine/ProjectCharted/Content/UserInterface/Files/ChartedButtonFade.uasset" 332
"C:/dev/Unreal Engine/ProjectCharted/Content/UserInterface/Files/ChartedButtonFade.uexp" 333
"C:/dev/Unreal Engine/ProjectCharted/Content/UserInterface/Components/WBP_Button.uasset" 334
"C:/dev/Unreal Engine/ProjectCharted/Content/UserInterface/Components/WBP_Button.uexp" 335
"C:/dev/Unreal Engine/ProjectCharted/Content/UserInterface/Components/WBP_ServerButton.uasset" 336
"C:/dev/Unreal Engine/ProjectCharted/Content/UserInterface/Components/WBP_ServerButton.uexp" 337
"C:/dev/Unreal Engine/ProjectCharted/Content/Data/F_GameOption.uasset" 338
"C:/dev/Unreal Engine/ProjectCharted/Content/Data/F_GameOption.uexp" 339
"../../../Engine/Content/EditorBlueprintResources/StandardMacros.uasset" 340
"../../../Engine/Content/EditorBlueprintResources/StandardMacros.uexp" 341
"C:/dev/Unreal Engine/ProjectCharted/Content/Data/E_Gamemode.uasset" 342
"C:/dev/Unreal Engine/ProjectCharted/Content/Data/E_Gamemode.uexp" 343
"C:/dev/Unreal Engine/ProjectCharted/Content/Blueprints/BP_GameInstance.uasset" 344
"C:/dev/Unreal Engine/ProjectCharted/Content/Blueprints/BP_GameInstance.uexp" 345
"C:/dev/Unreal Engine/ProjectCharted/Content/Data/E_Team.uasset" 346
"C:/dev/Unreal Engine/ProjectCharted/Content/Data/E_Team.uexp" 347
"C:/dev/Unreal Engine/ProjectCharted/Content/Data/F_Gamemode.uasset" 348
"C:/dev/Unreal Engine/ProjectCharted/Content/Data/F_Gamemode.uexp" 349
"C:/dev/Unreal Engine/ProjectCharted/Content/Data/E_MapVote.uasset" 350
"C:/dev/Unreal Engine/ProjectCharted/Content/Data/E_MapVote.uexp" 351
"C:/dev/Unreal Engine/ProjectCharted/Content/Data/F_Map.uasset" 352
"C:/dev/Unreal Engine/ProjectCharted/Content/Data/F_Map.uexp" 353
"C:/dev/Unreal Engine/ProjectCharted/Content/Blueprints/Lobby/BP_LobbyGameState.uasset" 354
"C:/dev/Unreal Engine/ProjectCharted/Content/Blueprints/Lobby/BP_LobbyGameState.uexp" 355
"C:/dev/Unreal Engine/ProjectCharted/Content/Data/DT_Maps.uasset" 356
"C:/dev/Unreal Engine/ProjectCharted/Content/Data/DT_Maps.uexp" 357
"C:/dev/Unreal Engine/ProjectCharted/Content/BlueprintInterfaces/BI_Game.uasset" 358
"C:/dev/Unreal Engine/ProjectCharted/Content/BlueprintInterfaces/BI_Game.uexp" 359
"C:/dev/Unreal Engine/ProjectCharted/Content/Blueprints/Lobby/BP_LobbyPlayerState.uasset" 360
"C:/dev/Unreal Engine/ProjectCharted/Content/Blueprints/Lobby/BP_LobbyPlayerState.uexp" 361
"C:/dev/Unreal Engine/ProjectCharted/Content/UserInterface/Files/Gamemodes/Three_Team_Deathmatch.uasset" 362
"C:/dev/Unreal Engine/ProjectCharted/Content/UserInterface/Files/Gamemodes/Three_Team_Deathmatch.uexp" 363
"C:/dev/Unreal Engine/ProjectCharted/Content/UserInterface/Files/Gamemodes/Team_Deathmatch.uasset" 364
"C:/dev/Unreal Engine/ProjectCharted/Content/UserInterface/Files/Gamemodes/Team_Deathmatch.uexp" 365
"C:/dev/Unreal Engine/ProjectCharted/Content/UserInterface/Files/Gamemodes/Ffa.uasset" 366
"C:/dev/Unreal Engine/ProjectCharted/Content/UserInterface/Files/Gamemodes/Ffa.uexp" 367
"C:/dev/Unreal Engine/ProjectCharted/Content/Data/DT_Gamemodes.uasset" 368
"C:/dev/Unreal Engine/ProjectCharted/Content/Data/DT_Gamemodes.uexp" 369
"C:/dev/Unreal Engine/ProjectCharted/Plugins/MenuPlugin/Content/BI_Menu.uasset" 370
"C:/dev/Unreal Engine/ProjectCharted/Plugins/MenuPlugin/Content/BI_Menu.uexp" 371
"C:/dev/Unreal Engine/ProjectCharted/Content/UserInterface/Menus/SubMenus/WBP_Transition.uasset" 372
"C:/dev/Unreal Engine/ProjectCharted/Content/UserInterface/Menus/SubMenus/WBP_Transition.uexp" 373
"C:/dev/Unreal Engine/ProjectCharted/Content/UserInterface/Components/WBP_Prompt.uasset" 374
"C:/dev/Unreal Engine/ProjectCharted/Content/UserInterface/Components/WBP_Prompt.uexp" 375
"C:/dev/Unreal Engine/ProjectCharted/Content/UserInterface/Files/Point.uasset" 376
"C:/dev/Unreal Engine/ProjectCharted/Content/UserInterface/Files/Point.uexp" 377
"C:/dev/Unreal Engine/ProjectCharted/Content/UserInterface/Components/WBP_LobbyPlayerEntry.uasset" 378
"C:/dev/Unreal Engine/ProjectCharted/Content/UserInterface/Components/WBP_LobbyPlayerEntry.uexp" 379
"C:/dev/Unreal Engine/ProjectCharted/Content/UserInterface/Files/PS5/PS5_L1.uasset" 380
"C:/dev/Unreal Engine/ProjectCharted/Content/UserInterface/Files/PS5/PS5_L1.uexp" 381
"C:/dev/Unreal Engine/ProjectCharted/Content/UserInterface/Files/PS5/PS5_Triangle.uasset" 382
"C:/dev/Unreal Engine/ProjectCharted/Content/UserInterface/Files/PS5/PS5_Triangle.uexp" 383
"C:/dev/Unreal Engine/ProjectCharted/Content/UserInterface/Menus/SubMenus/WBP_LobbyPlayerList.uasset" 384
"C:/dev/Unreal Engine/ProjectCharted/Content/UserInterface/Menus/SubMenus/WBP_LobbyPlayerList.uexp" 385
"C:/dev/Unreal Engine/ProjectCharted/Content/UserInterface/Files/PS5/PS5_Circle.uasset" 386
"C:/dev/Unreal Engine/ProjectCharted/Content/UserInterface/Files/PS5/PS5_Circle.uexp" 387
"C:/dev/Unreal Engine/ProjectCharted/Content/SFX/Menus/Files/menu.ubulk" 388
"C:/dev/Unreal Engine/ProjectCharted/Content/SFX/Menus/Files/menu.uasset" 389
"C:/dev/Unreal Engine/ProjectCharted/Content/SFX/Menus/Files/menu.uexp" 390
"C:/dev/Unreal Engine/ProjectCharted/Content/SFX/Menus/SC_Button.uasset" 391
"C:/dev/Unreal Engine/ProjectCharted/Content/SFX/Menus/SC_Button.uexp" 392
"C:/dev/Unreal Engine/ProjectCharted/Content/UserInterface/Files/PS5/PS5_Cross.uasset" 393
"C:/dev/Unreal Engine/ProjectCharted/Content/UserInterface/Files/PS5/PS5_Cross.uexp" 394
"C:/dev/Unreal Engine/ProjectCharted/Content/SFX/Menus/Files/button.ubulk" 395
"C:/dev/Unreal Engine/ProjectCharted/Content/SFX/Menus/Files/button.uasset" 396
"C:/dev/Unreal Engine/ProjectCharted/Content/SFX/Menus/Files/button.uexp" 397
"C:/dev/Unreal Engine/ProjectCharted/Content/SFX/Menus/SC_Menu.uasset" 398
"C:/dev/Unreal Engine/ProjectCharted/Content/SFX/Menus/SC_Menu.uexp" 399
"C:/dev/Unreal Engine/ProjectCharted/Content/UserInterface/Menus/SubMenus/WBP_QuestionMenu.uasset" 400
"C:/dev/Unreal Engine/ProjectCharted/Content/UserInterface/Menus/SubMenus/WBP_QuestionMenu.uexp" 401
"C:/dev/Unreal Engine/ProjectCharted/Content/UserInterface/Components/WBP_MapDisplay.uasset" 402
"C:/dev/Unreal Engine/ProjectCharted/Content/UserInterface/Components/WBP_MapDisplay.uexp" 403
"C:/dev/Unreal Engine/ProjectCharted/Content/UserInterface/Files/check-mark.ubulk" 404
"C:/dev/Unreal Engine/ProjectCharted/Content/UserInterface/Files/check-mark.uasset" 405
"C:/dev/Unreal Engine/ProjectCharted/Content/UserInterface/Files/check-mark.uexp" 406
"C:/dev/Unreal Engine/ProjectCharted/Content/UserInterface/Components/WBP_VoteCheckmark.uasset" 407
"C:/dev/Unreal Engine/ProjectCharted/Content/UserInterface/Components/WBP_VoteCheckmark.uexp" 408
"C:/dev/Unreal Engine/ProjectCharted/Content/UserInterface/Components/WBP_MapVoting.uasset" 409
"C:/dev/Unreal Engine/ProjectCharted/Content/UserInterface/Components/WBP_MapVoting.uexp" 410
"C:/dev/Unreal Engine/ProjectCharted/Content/UserInterface/Files/PS5/PS5_Square.uasset" 411
"C:/dev/Unreal Engine/ProjectCharted/Content/UserInterface/Files/PS5/PS5_Square.uexp" 412
"C:/dev/Unreal Engine/ProjectCharted/Content/UserInterface/Menus/SubMenus/WBP_Lobby.uasset" 413
"C:/dev/Unreal Engine/ProjectCharted/Content/UserInterface/Menus/SubMenus/WBP_Lobby.uexp" 414
"C:/dev/Unreal Engine/ProjectCharted/Plugins/MenuPlugin/Content/WBP_BaseMenu.uasset" 415
"C:/dev/Unreal Engine/ProjectCharted/Plugins/MenuPlugin/Content/WBP_BaseMenu.uexp" 416
"C:/dev/Unreal Engine/ProjectCharted/Content/UserInterface/Menus/WBP_LobbyMenu.uasset" 417
"C:/dev/Unreal Engine/ProjectCharted/Content/UserInterface/Menus/WBP_LobbyMenu.uexp" 418
"C:/dev/Unreal Engine/ProjectCharted/Content/Blueprints/Lobby/BP_LobbyPlayerController.uasset" 419
"C:/dev/Unreal Engine/ProjectCharted/Content/Blueprints/Lobby/BP_LobbyPlayerController.uexp" 420
"C:/dev/Unreal Engine/ProjectCharted/Content/Blueprints/Lobby/BP_LobbyGamemode.uasset" 421
"C:/dev/Unreal Engine/ProjectCharted/Content/Blueprints/Lobby/BP_LobbyGamemode.uexp" 422
"C:/dev/Unreal Engine/ProjectCharted/Content/BlueprintLibraries/Game.uasset" 423
"C:/dev/Unreal Engine/ProjectCharted/Content/BlueprintLibraries/Game.uexp" 424
"C:/dev/Unreal Engine/ProjectCharted/Content/Data/F_Match.uasset" 425
"C:/dev/Unreal Engine/ProjectCharted/Content/Data/F_Match.uexp" 426
"C:/dev/Unreal Engine/ProjectCharted/Content/Blueprints/BP_BasePlayerController.uasset" 427
"C:/dev/Unreal Engine/ProjectCharted/Content/Blueprints/BP_BasePlayerController.uexp" 428
"C:/dev/Unreal Engine/ProjectCharted/Content/Blueprints/BP_BaseGamemode.uasset" 429
"C:/dev/Unreal Engine/ProjectCharted/Content/Blueprints/BP_BaseGamemode.uexp" 430
"C:/dev/Unreal Engine/ProjectCharted/Content/Blueprints/PlayerControllers/BP_PlayerController_TTDM.uasset" 431
"C:/dev/Unreal Engine/ProjectCharted/Content/Blueprints/PlayerControllers/BP_PlayerController_TTDM.uexp" 432
"C:/dev/Unreal Engine/ProjectCharted/Content/Blueprints/Gamemodes/BP_Gamemode_TTDM.uasset" 433
"C:/dev/Unreal Engine/ProjectCharted/Content/Blueprints/Gamemodes/BP_Gamemode_TTDM.uexp" 434
"C:/dev/Unreal Engine/ProjectCharted/Content/Blueprints/PlayerControllers/BP_PlayerController_TDM.uasset" 435
"C:/dev/Unreal Engine/ProjectCharted/Content/Blueprints/PlayerControllers/BP_PlayerController_TDM.uexp" 436
"C:/dev/Unreal Engine/ProjectCharted/Content/Blueprints/Gamemodes/BP_Gamemode_TDM.uasset" 437
"C:/dev/Unreal Engine/ProjectCharted/Content/Blueprints/Gamemodes/BP_Gamemode_TDM.uexp" 438
"C:/dev/Unreal Engine/ProjectCharted/Content/Blueprints/PlayerControllers/BP_PLayerController_FFA.uasset" 439
"C:/dev/Unreal Engine/ProjectCharted/Content/Blueprints/PlayerControllers/BP_PLayerController_FFA.uexp" 440
"C:/dev/Unreal Engine/ProjectCharted/Content/Blueprints/Gamemodes/BP_Gamemode_FFA.uasset" 441
"C:/dev/Unreal Engine/ProjectCharted/Content/Blueprints/Gamemodes/BP_Gamemode_FFA.uexp" 442
"C:/dev/Unreal Engine/ProjectCharted/Content/Blueprints/PlayerControllers/BP_PlayerController_ELIM.uasset" 443
"C:/dev/Unreal Engine/ProjectCharted/Content/Blueprints/PlayerControllers/BP_PlayerController_ELIM.uexp" 444
"C:/dev/Unreal Engine/ProjectCharted/Content/Blueprints/Gamemodes/BP_Gamemode_ELIM.uasset" 445
"C:/dev/Unreal Engine/ProjectCharted/Content/Blueprints/Gamemodes/BP_Gamemode_ELIM.uexp" 446
"../../../Engine/Content/Tutorial/ContentIntroCurve.uasset" 447
"../../../Engine/Content/Tutorial/ContentIntroCurve.uexp" 448
"../../../Engine/Content/VREditor/TransformGizmo/Main.uasset" 449
"../../../Engine/Content/VREditor/TransformGizmo/Main.uexp" 450
"../../../Engine/Content/VREditor/TransformGizmo/Xray.uasset" 451
"../../../Engine/Content/VREditor/TransformGizmo/Xray.uexp" 452
"../../../Engine/Content/VREditor/TransformGizmo/SM_Sequencer_Node.ubulk" 453
"../../../Engine/Content/VREditor/TransformGizmo/SM_Sequencer_Node.uasset" 454
"../../../Engine/Content/VREditor/TransformGizmo/SM_Sequencer_Node.uexp" 455
"../../../Engine/Content/VREditor/LaserPointer/VR_LaserPower_01.ubulk" 456
"../../../Engine/Content/VREditor/LaserPointer/VR_LaserPower_01.uasset" 457
"../../../Engine/Content/VREditor/LaserPointer/VR_LaserPower_01.uexp" 458
"../../../Engine/Content/VREditor/TransformGizmo/TransformGizmoMaterial.uasset" 459
"../../../Engine/Content/VREditor/TransformGizmo/TransformGizmoMaterial.uexp" 460
"../../../Engine/Content/VREditor/TransformGizmo/TranslucentTransformGizmoMaterial.uasset" 461
"../../../Engine/Content/VREditor/TransformGizmo/TranslucentTransformGizmoMaterial.uexp" 462
"../../../Engine/Content/VREditor/TransformGizmo/PlaneTranslationHandle.ubulk" 463
"../../../Engine/Content/VREditor/TransformGizmo/PlaneTranslationHandle.uasset" 464
"../../../Engine/Content/VREditor/TransformGizmo/PlaneTranslationHandle.uexp" 465
"../../../Engine/Content/VREditor/TransformGizmo/BoundingBoxEdge.ubulk" 466
"../../../Engine/Content/VREditor/TransformGizmo/BoundingBoxEdge.uasset" 467
"../../../Engine/Content/VREditor/TransformGizmo/BoundingBoxEdge.uexp" 468
"../../../Engine/Content/VREditor/TransformGizmo/BoundingBoxCorner.ubulk" 469
"../../../Engine/Content/VREditor/TransformGizmo/BoundingBoxCorner.uasset" 470
"../../../Engine/Content/VREditor/TransformGizmo/BoundingBoxCorner.uexp" 471
"../../../Engine/Content/MobileResources/HUD/VirtualJoystick_Background.uasset" 472
"../../../Engine/Content/MobileResources/HUD/VirtualJoystick_Background.uexp" 473
"../../../Engine/Content/MobileResources/HUD/VirtualJoystick_Thumb.uasset" 474
"../../../Engine/Content/MobileResources/HUD/VirtualJoystick_Thumb.uexp" 475
"../../../Engine/Content/MobileResources/HUD/DefaultVirtualJoysticks.uasset" 476
"../../../Engine/Content/MobileResources/HUD/DefaultVirtualJoysticks.uexp" 477
"../../../Engine/Plugins/Editor/SpeedTreeImporter/Content/SpeedTree9/game_wind_noise.ubulk" 478
"../../../Engine/Plugins/Editor/SpeedTreeImporter/Content/SpeedTree9/game_wind_noise.uasset" 479
"../../../Engine/Plugins/Editor/SpeedTreeImporter/Content/SpeedTree9/game_wind_noise.uexp" 480
"../../../Engine/Plugins/Editor/SpeedTreeImporter/Content/SpeedTree9/UnpackDirection.uasset" 481
"../../../Engine/Plugins/Editor/SpeedTreeImporter/Content/SpeedTree9/UnpackDirection.uexp" 482
"../../../Engine/Content/Functions/Engine_MaterialFunctions02/ObjectLocalBounds.uasset" 483
"../../../Engine/Content/Functions/Engine_MaterialFunctions02/ObjectLocalBounds.uexp" 484
"../../../Engine/Content/Functions/Engine_MaterialFunctions02/UVs/BoundingBoxBased_0-1_UVW.uasset" 485
"../../../Engine/Content/Functions/Engine_MaterialFunctions02/UVs/BoundingBoxBased_0-1_UVW.uexp" 486
"../../../Engine/Content/Functions/Engine_MaterialFunctions02/Utility/VectorLength.uasset" 487
"../../../Engine/Content/Functions/Engine_MaterialFunctions02/Utility/VectorLength.uexp" 488
"../../../Engine/Plugins/Editor/SpeedTreeImporter/Content/SpeedTree9/UnpackInteger3.uasset" 489
"../../../Engine/Plugins/Editor/SpeedTreeImporter/Content/SpeedTree9/UnpackInteger3.uexp" 490
"../../../Engine/Plugins/Editor/SpeedTreeImporter/Content/SpeedTree9/SpeedTreeCameraFacing.uasset" 491
"../../../Engine/Plugins/Editor/SpeedTreeImporter/Content/SpeedTree9/SpeedTreeCameraFacing.uexp" 492
"../../../Engine/Content/Functions/Engine_MaterialFunctions02/WorldPositionOffset/ObjectScale.uasset" 493
"../../../Engine/Content/Functions/Engine_MaterialFunctions02/WorldPositionOffset/ObjectScale.uexp" 494
"../../../Engine/Content/Functions/Engine_MaterialFunctions02/SafeNormalize.uasset" 495
"../../../Engine/Content/Functions/Engine_MaterialFunctions02/SafeNormalize.uexp" 496
"../../../Engine/Plugins/Editor/SpeedTreeImporter/Content/SpeedTree9/SpeedTreeWindMotion.uasset" 497
"../../../Engine/Plugins/Editor/SpeedTreeImporter/Content/SpeedTree9/SpeedTreeWindMotion.uexp" 498
"../../../Engine/Plugins/Editor/SpeedTreeImporter/Content/SpeedTree9/SpeedTreeBranchMotion.uasset" 499
"../../../Engine/Plugins/Editor/SpeedTreeImporter/Content/SpeedTree9/SpeedTreeBranchMotion.uexp" 500
"../../../Engine/Plugins/Editor/SpeedTreeImporter/Content/SpeedTree9/SpeedTreeWind.uasset" 501
"../../../Engine/Plugins/Editor/SpeedTreeImporter/Content/SpeedTree9/SpeedTreeWind.uexp" 502
"../../../Engine/Plugins/Editor/SpeedTreeImporter/Content/SpeedTree9/EmptyNormal.uasset" 503
"../../../Engine/Plugins/Editor/SpeedTreeImporter/Content/SpeedTree9/EmptyNormal.uexp" 504
"../../../Engine/Plugins/Editor/SpeedTreeImporter/Content/SpeedTree9/Empty.uasset" 505
"../../../Engine/Plugins/Editor/SpeedTreeImporter/Content/SpeedTree9/Empty.uexp" 506
"../../../Engine/Plugins/Editor/SpeedTreeImporter/Content/SpeedTree9/SpeedTreeMaster.uasset" 507
"../../../Engine/Plugins/Editor/SpeedTreeImporter/Content/SpeedTree9/SpeedTreeMaster.uexp" 508
"../../../Engine/Plugins/Editor/SpeedTreeImporter/Content/SpeedTree9/SpeedTreeBillboard.uasset" 509
"../../../Engine/Plugins/Editor/SpeedTreeImporter/Content/SpeedTree9/SpeedTreeBillboard.uexp" 510
"../../../Engine/Plugins/Editor/SpeedTreeImporter/Content/SpeedTree9/SpeedTreeBillboardMaster.uasset" 511
"../../../Engine/Plugins/Editor/SpeedTreeImporter/Content/SpeedTree9/SpeedTreeBillboardMaster.uexp" 512
"../../../Engine/Plugins/Animation/ControlRig/Content/M_Manip.uasset" 513
"../../../Engine/Plugins/Animation/ControlRig/Content/M_Manip.uexp" 514
"../../../Engine/Plugins/Animation/ControlRig/Content/Controls/DefaultGizmoLibraryNormalized.uasset" 515
"../../../Engine/Plugins/Animation/ControlRig/Content/Controls/DefaultGizmoLibraryNormalized.uexp" 516
"../../../Engine/Plugins/Animation/ControlRig/Content/Controls/ControlRig_Wedge_solid.ubulk" 517
"../../../Engine/Plugins/Animation/ControlRig/Content/Controls/ControlRig_Wedge_solid.uasset" 518
"../../../Engine/Plugins/Animation/ControlRig/Content/Controls/ControlRig_Wedge_solid.uexp" 519
"../../../Engine/Plugins/Animation/ControlRig/Content/Controls/ControlRig_Wedge_3mm.ubulk" 520
"../../../Engine/Plugins/Animation/ControlRig/Content/Controls/ControlRig_Wedge_3mm.uasset" 521
"../../../Engine/Plugins/Animation/ControlRig/Content/Controls/ControlRig_Wedge_3mm.uexp" 522
"../../../Engine/Plugins/Animation/ControlRig/Content/Controls/ControlRig_Wedge_1mm.ubulk" 523
"../../../Engine/Plugins/Animation/ControlRig/Content/Controls/ControlRig_Wedge_1mm.uasset" 524
"../../../Engine/Plugins/Animation/ControlRig/Content/Controls/ControlRig_Wedge_1mm.uexp" 525
"../../../Engine/Plugins/Animation/ControlRig/Content/Controls/ControlRig_Triangle_solid.ubulk" 526
"../../../Engine/Plugins/Animation/ControlRig/Content/Controls/ControlRig_Triangle_solid.uasset" 527
"../../../Engine/Plugins/Animation/ControlRig/Content/Controls/ControlRig_Triangle_solid.uexp" 528
"../../../Engine/Plugins/Animation/ControlRig/Content/Controls/ControlRig_Triangle_3mm.ubulk" 529
"../../../Engine/Plugins/Animation/ControlRig/Content/Controls/ControlRig_Triangle_3mm.uasset" 530
"../../../Engine/Plugins/Animation/ControlRig/Content/Controls/ControlRig_Triangle_3mm.uexp" 531
"../../../Engine/Plugins/Animation/ControlRig/Content/Controls/ControlRig_Triangle_1mm.ubulk" 532
"../../../Engine/Plugins/Animation/ControlRig/Content/Controls/ControlRig_Triangle_1mm.uasset" 533
"../../../Engine/Plugins/Animation/ControlRig/Content/Controls/ControlRig_Triangle_1mm.uexp" 534
"../../../Engine/Plugins/Animation/ControlRig/Content/Controls/ControlRig_Star4_solid.ubulk" 535
"../../../Engine/Plugins/Animation/ControlRig/Content/Controls/ControlRig_Star4_solid.uasset" 536
"../../../Engine/Plugins/Animation/ControlRig/Content/Controls/ControlRig_Star4_solid.uexp" 537
"../../../Engine/Plugins/Animation/ControlRig/Content/Controls/ControlRig_Star4_3mm.ubulk" 538
"../../../Engine/Plugins/Animation/ControlRig/Content/Controls/ControlRig_Star4_3mm.uasset" 539
"../../../Engine/Plugins/Animation/ControlRig/Content/Controls/ControlRig_Star4_3mm.uexp" 540
"../../../Engine/Plugins/Animation/ControlRig/Content/Controls/ControlRig_Star4_1mm.ubulk" 541
"../../../Engine/Plugins/Animation/ControlRig/Content/Controls/ControlRig_Star4_1mm.uasset" 542
"../../../Engine/Plugins/Animation/ControlRig/Content/Controls/ControlRig_Star4_1mm.uexp" 543
"../../../Engine/Plugins/Animation/ControlRig/Content/Controls/ControlRig_Square_solid.ubulk" 544
"../../../Engine/Plugins/Animation/ControlRig/Content/Controls/ControlRig_Square_solid.uasset" 545
"../../../Engine/Plugins/Animation/ControlRig/Content/Controls/ControlRig_Square_solid.uexp" 546
"../../../Engine/Plugins/Animation/ControlRig/Content/Controls/ControlRig_Square_3mm.ubulk" 547
"../../../Engine/Plugins/Animation/ControlRig/Content/Controls/ControlRig_Square_3mm.uasset" 548
"../../../Engine/Plugins/Animation/ControlRig/Content/Controls/ControlRig_Square_3mm.uexp" 549
"../../../Engine/Plugins/Animation/ControlRig/Content/Controls/ControlRig_Square_1mm.ubulk" 550
"../../../Engine/Plugins/Animation/ControlRig/Content/Controls/ControlRig_Square_1mm.uasset" 551
"../../../Engine/Plugins/Animation/ControlRig/Content/Controls/ControlRig_Square_1mm.uexp" 552
"../../../Engine/Plugins/Animation/ControlRig/Content/Controls/ControlRig_Sphere_solid.ubulk" 553
"../../../Engine/Plugins/Animation/ControlRig/Content/Controls/ControlRig_Sphere_solid.uasset" 554
"../../../Engine/Plugins/Animation/ControlRig/Content/Controls/ControlRig_Sphere_solid.uexp" 555
"../../../Engine/Plugins/Animation/ControlRig/Content/Controls/ControlRig_Sphere_3mm.ubulk" 556
"../../../Engine/Plugins/Animation/ControlRig/Content/Controls/ControlRig_Sphere_3mm.uasset" 557
"../../../Engine/Plugins/Animation/ControlRig/Content/Controls/ControlRig_Sphere_3mm.uexp" 558
"../../../Engine/Plugins/Animation/ControlRig/Content/Controls/ControlRig_Sphere_1mm.ubulk" 559
"../../../Engine/Plugins/Animation/ControlRig/Content/Controls/ControlRig_Sphere_1mm.uasset" 560
"../../../Engine/Plugins/Animation/ControlRig/Content/Controls/ControlRig_Sphere_1mm.uexp" 561
"../../../Engine/Plugins/Animation/ControlRig/Content/Controls/ControlRig_RoundedTriangle_solid.ubulk" 562
"../../../Engine/Plugins/Animation/ControlRig/Content/Controls/ControlRig_RoundedTriangle_solid.uasset" 563
"../../../Engine/Plugins/Animation/ControlRig/Content/Controls/ControlRig_RoundedTriangle_solid.uexp" 564
"../../../Engine/Plugins/Animation/ControlRig/Content/Controls/ControlRig_RoundedTriangle_3mm.ubulk" 565
"../../../Engine/Plugins/Animation/ControlRig/Content/Controls/ControlRig_RoundedTriangle_3mm.uasset" 566
"../../../Engine/Plugins/Animation/ControlRig/Content/Controls/ControlRig_RoundedTriangle_3mm.uexp" 567
"../../../Engine/Plugins/Animation/ControlRig/Content/Controls/ControlRig_RoundedTriangle_1mm.ubulk" 568
"../../../Engine/Plugins/Animation/ControlRig/Content/Controls/ControlRig_RoundedTriangle_1mm.uasset" 569
"../../../Engine/Plugins/Animation/ControlRig/Content/Controls/ControlRig_RoundedTriangle_1mm.uexp" 570
"../../../Engine/Plugins/Animation/ControlRig/Content/Controls/ControlRig_RoundedSquare_solid.ubulk" 571
"../../../Engine/Plugins/Animation/ControlRig/Content/Controls/ControlRig_RoundedSquare_solid.uasset" 572
"../../../Engine/Plugins/Animation/ControlRig/Content/Controls/ControlRig_RoundedSquare_solid.uexp" 573
"../../../Engine/Plugins/Animation/ControlRig/Content/Controls/ControlRig_RoundedSquare_3mm.ubulk" 574
"../../../Engine/Plugins/Animation/ControlRig/Content/Controls/ControlRig_RoundedSquare_3mm.uasset" 575
"../../../Engine/Plugins/Animation/ControlRig/Content/Controls/ControlRig_RoundedSquare_3mm.uexp" 576
"../../../Engine/Plugins/Animation/ControlRig/Content/Controls/ControlRig_RoundedSquare_1mm.ubulk" 577
"../../../Engine/Plugins/Animation/ControlRig/Content/Controls/ControlRig_RoundedSquare_1mm.uasset" 578
"../../../Engine/Plugins/Animation/ControlRig/Content/Controls/ControlRig_RoundedSquare_1mm.uexp" 579
"../../../Engine/Plugins/Animation/ControlRig/Content/Controls/ControlRig_QuarterCircle_solid.ubulk" 580
"../../../Engine/Plugins/Animation/ControlRig/Content/Controls/ControlRig_QuarterCircle_solid.uasset" 581
"../../../Engine/Plugins/Animation/ControlRig/Content/Controls/ControlRig_QuarterCircle_solid.uexp" 582
"../../../Engine/Plugins/Animation/ControlRig/Content/Controls/ControlRig_QuarterCircle_3mm.ubulk" 583
"../../../Engine/Plugins/Animation/ControlRig/Content/Controls/ControlRig_QuarterCircle_3mm.uasset" 584
"../../../Engine/Plugins/Animation/ControlRig/Content/Controls/ControlRig_QuarterCircle_3mm.uexp" 585
"../../../Engine/Plugins/Animation/ControlRig/Content/Controls/ControlRig_QuarterCircle_1mm.ubulk" 586
"../../../Engine/Plugins/Animation/ControlRig/Content/Controls/ControlRig_QuarterCircle_1mm.uasset" 587
"../../../Engine/Plugins/Animation/ControlRig/Content/Controls/ControlRig_QuarterCircle_1mm.uexp" 588
"../../../Engine/Plugins/Animation/ControlRig/Content/Controls/ControlRig_Pyramid_solid.ubulk" 589
"../../../Engine/Plugins/Animation/ControlRig/Content/Controls/ControlRig_Pyramid_solid.uasset" 590
"../../../Engine/Plugins/Animation/ControlRig/Content/Controls/ControlRig_Pyramid_solid.uexp" 591
"../../../Engine/Plugins/Animation/ControlRig/Content/Controls/ControlRig_Pyramid_3mm.ubulk" 592
"../../../Engine/Plugins/Animation/ControlRig/Content/Controls/ControlRig_Pyramid_3mm.uasset" 593
"../../../Engine/Plugins/Animation/ControlRig/Content/Controls/ControlRig_Pyramid_3mm.uexp" 594
"../../../Engine/Plugins/Animation/ControlRig/Content/Controls/ControlRig_Pyramid_1mm.ubulk" 595
"../../../Engine/Plugins/Animation/ControlRig/Content/Controls/ControlRig_Pyramid_1mm.uasset" 596
"../../../Engine/Plugins/Animation/ControlRig/Content/Controls/ControlRig_Pyramid_1mm.uexp" 597
"../../../Engine/Plugins/Animation/ControlRig/Content/Controls/ControlRig_Octagon_solid.ubulk" 598
"../../../Engine/Plugins/Animation/ControlRig/Content/Controls/ControlRig_Octagon_solid.uasset" 599
"../../../Engine/Plugins/Animation/ControlRig/Content/Controls/ControlRig_Octagon_solid.uexp" 600
"../../../Engine/Plugins/Animation/ControlRig/Content/Controls/ControlRig_Octagon_3mm.ubulk" 601
"../../../Engine/Plugins/Animation/ControlRig/Content/Controls/ControlRig_Octagon_3mm.uasset" 602
"../../../Engine/Plugins/Animation/ControlRig/Content/Controls/ControlRig_Octagon_3mm.uexp" 603
"../../../Engine/Plugins/Animation/ControlRig/Content/Controls/ControlRig_Octagon_1mm.ubulk" 604
"../../../Engine/Plugins/Animation/ControlRig/Content/Controls/ControlRig_Octagon_1mm.uasset" 605
"../../../Engine/Plugins/Animation/ControlRig/Content/Controls/ControlRig_Octagon_1mm.uexp" 606
"../../../Engine/Plugins/Animation/ControlRig/Content/Controls/ControlRig_Hexagon_solid.ubulk" 607
"../../../Engine/Plugins/Animation/ControlRig/Content/Controls/ControlRig_Hexagon_solid.uasset" 608
"../../../Engine/Plugins/Animation/ControlRig/Content/Controls/ControlRig_Hexagon_solid.uexp" 609
"../../../Engine/Plugins/Animation/ControlRig/Content/Controls/ControlRig_Hexagon_3mm.ubulk" 610
"../../../Engine/Plugins/Animation/ControlRig/Content/Controls/ControlRig_Hexagon_3mm.uasset" 611
"../../../Engine/Plugins/Animation/ControlRig/Content/Controls/ControlRig_Hexagon_3mm.uexp" 612
"../../../Engine/Plugins/Animation/ControlRig/Content/Controls/ControlRig_Hexagon_1mm.ubulk" 613
"../../../Engine/Plugins/Animation/ControlRig/Content/Controls/ControlRig_Hexagon_1mm.uasset" 614
"../../../Engine/Plugins/Animation/ControlRig/Content/Controls/ControlRig_Hexagon_1mm.uexp" 615
"../../../Engine/Plugins/Animation/ControlRig/Content/Controls/ControlRig_HalfCircle_solid.ubulk" 616
"../../../Engine/Plugins/Animation/ControlRig/Content/Controls/ControlRig_HalfCircle_solid.uasset" 617
"../../../Engine/Plugins/Animation/ControlRig/Content/Controls/ControlRig_HalfCircle_solid.uexp" 618
"../../../Engine/Plugins/Animation/ControlRig/Content/Controls/ControlRig_HalfCircle_3mm.ubulk" 619
"../../../Engine/Plugins/Animation/ControlRig/Content/Controls/ControlRig_HalfCircle_3mm.uasset" 620
"../../../Engine/Plugins/Animation/ControlRig/Content/Controls/ControlRig_HalfCircle_3mm.uexp" 621
"../../../Engine/Plugins/Animation/ControlRig/Content/Controls/ControlRig_HalfCircle_1mm.ubulk" 622
"../../../Engine/Plugins/Animation/ControlRig/Content/Controls/ControlRig_HalfCircle_1mm.uasset" 623
"../../../Engine/Plugins/Animation/ControlRig/Content/Controls/ControlRig_HalfCircle_1mm.uexp" 624
"../../../Engine/Plugins/Animation/ControlRig/Content/Controls/ControlRig_Diamond_solid.ubulk" 625
"../../../Engine/Plugins/Animation/ControlRig/Content/Controls/ControlRig_Diamond_solid.uasset" 626
"../../../Engine/Plugins/Animation/ControlRig/Content/Controls/ControlRig_Diamond_solid.uexp" 627
"../../../Engine/Plugins/Animation/ControlRig/Content/Controls/ControlRig_Diamond_3mm.ubulk" 628
"../../../Engine/Plugins/Animation/ControlRig/Content/Controls/ControlRig_Diamond_3mm.uasset" 629
"../../../Engine/Plugins/Animation/ControlRig/Content/Controls/ControlRig_Diamond_3mm.uexp" 630
"../../../Engine/Plugins/Animation/ControlRig/Content/Controls/ControlRig_Diamond_1mm.ubulk" 631
"../../../Engine/Plugins/Animation/ControlRig/Content/Controls/ControlRig_Diamond_1mm.uasset" 632
"../../../Engine/Plugins/Animation/ControlRig/Content/Controls/ControlRig_Diamond_1mm.uexp" 633
"../../../Engine/Plugins/Animation/ControlRig/Content/Controls/ControlRig_Circle_solid.ubulk" 634
"../../../Engine/Plugins/Animation/ControlRig/Content/Controls/ControlRig_Circle_solid.uasset" 635
"../../../Engine/Plugins/Animation/ControlRig/Content/Controls/ControlRig_Circle_solid.uexp" 636
"../../../Engine/Plugins/Animation/ControlRig/Content/Controls/ControlRig_Circle_3mm.ubulk" 637
"../../../Engine/Plugins/Animation/ControlRig/Content/Controls/ControlRig_Circle_3mm.uasset" 638
"../../../Engine/Plugins/Animation/ControlRig/Content/Controls/ControlRig_Circle_3mm.uexp" 639
"../../../Engine/Plugins/Animation/ControlRig/Content/Controls/ControlRig_Circle_1mm.ubulk" 640
"../../../Engine/Plugins/Animation/ControlRig/Content/Controls/ControlRig_Circle_1mm.uasset" 641
"../../../Engine/Plugins/Animation/ControlRig/Content/Controls/ControlRig_Circle_1mm.uexp" 642
"../../../Engine/Plugins/Animation/ControlRig/Content/Controls/ControlRig_Box_solid.ubulk" 643
"../../../Engine/Plugins/Animation/ControlRig/Content/Controls/ControlRig_Box_solid.uasset" 644
"../../../Engine/Plugins/Animation/ControlRig/Content/Controls/ControlRig_Box_solid.uexp" 645
"../../../Engine/Plugins/Animation/ControlRig/Content/Controls/ControlRig_Box_3mm.ubulk" 646
"../../../Engine/Plugins/Animation/ControlRig/Content/Controls/ControlRig_Box_3mm.uasset" 647
"../../../Engine/Plugins/Animation/ControlRig/Content/Controls/ControlRig_Box_3mm.uexp" 648
"../../../Engine/Plugins/Animation/ControlRig/Content/Controls/ControlRig_Box_1mm.ubulk" 649
"../../../Engine/Plugins/Animation/ControlRig/Content/Controls/ControlRig_Box_1mm.uasset" 650
"../../../Engine/Plugins/Animation/ControlRig/Content/Controls/ControlRig_Box_1mm.uexp" 651
"../../../Engine/Plugins/Animation/ControlRig/Content/Controls/ControlRig_Arrow_solid.ubulk" 652
"../../../Engine/Plugins/Animation/ControlRig/Content/Controls/ControlRig_Arrow_solid.uasset" 653
"../../../Engine/Plugins/Animation/ControlRig/Content/Controls/ControlRig_Arrow_solid.uexp" 654
"../../../Engine/Plugins/Animation/ControlRig/Content/Controls/ControlRig_Arrow_3mm.ubulk" 655
"../../../Engine/Plugins/Animation/ControlRig/Content/Controls/ControlRig_Arrow_3mm.uasset" 656
"../../../Engine/Plugins/Animation/ControlRig/Content/Controls/ControlRig_Arrow_3mm.uexp" 657
"../../../Engine/Plugins/Animation/ControlRig/Content/Controls/ControlRig_Arrow_1mm.ubulk" 658
"../../../Engine/Plugins/Animation/ControlRig/Content/Controls/ControlRig_Arrow_1mm.uasset" 659
"../../../Engine/Plugins/Animation/ControlRig/Content/Controls/ControlRig_Arrow_1mm.uexp" 660
"../../../Engine/Plugins/Animation/ControlRig/Content/Controls/ControlRig_Arrow4_solid.ubulk" 661
"../../../Engine/Plugins/Animation/ControlRig/Content/Controls/ControlRig_Arrow4_solid.uasset" 662
"../../../Engine/Plugins/Animation/ControlRig/Content/Controls/ControlRig_Arrow4_solid.uexp" 663
"../../../Engine/Plugins/Animation/ControlRig/Content/Controls/ControlRig_Arrow4_3mm.ubulk" 664
"../../../Engine/Plugins/Animation/ControlRig/Content/Controls/ControlRig_Arrow4_3mm.uasset" 665
"../../../Engine/Plugins/Animation/ControlRig/Content/Controls/ControlRig_Arrow4_3mm.uexp" 666
"../../../Engine/Plugins/Animation/ControlRig/Content/Controls/ControlRig_Arrow4_1mm.ubulk" 667
"../../../Engine/Plugins/Animation/ControlRig/Content/Controls/ControlRig_Arrow4_1mm.uasset" 668
"../../../Engine/Plugins/Animation/ControlRig/Content/Controls/ControlRig_Arrow4_1mm.uexp" 669
"../../../Engine/Plugins/Animation/ControlRig/Content/Controls/ControlRig_Arrow2_solid.ubulk" 670
"../../../Engine/Plugins/Animation/ControlRig/Content/Controls/ControlRig_Arrow2_solid.uasset" 671
"../../../Engine/Plugins/Animation/ControlRig/Content/Controls/ControlRig_Arrow2_solid.uexp" 672
"../../../Engine/Plugins/Animation/ControlRig/Content/Controls/ControlRig_Arrow2_3mm.ubulk" 673
"../../../Engine/Plugins/Animation/ControlRig/Content/Controls/ControlRig_Arrow2_3mm.uasset" 674
"../../../Engine/Plugins/Animation/ControlRig/Content/Controls/ControlRig_Arrow2_3mm.uexp" 675
"../../../Engine/Plugins/Animation/ControlRig/Content/Controls/ControlRig_Arrow2_1mm.ubulk" 676
"../../../Engine/Plugins/Animation/ControlRig/Content/Controls/ControlRig_Arrow2_1mm.uasset" 677
"../../../Engine/Plugins/Animation/ControlRig/Content/Controls/ControlRig_Arrow2_1mm.uexp" 678
"../../../Engine/Plugins/Animation/ControlRig/Content/Controls/ControlRigGizmoMaterial.uasset" 679
"../../../Engine/Plugins/Animation/ControlRig/Content/Controls/ControlRigGizmoMaterial.uexp" 680
"../../../Engine/Plugins/2D/Paper2D/Content/PlaceholderTextures/DummySpriteTexture.ubulk" 681
"../../../Engine/Plugins/2D/Paper2D/Content/PlaceholderTextures/DummySpriteTexture.uasset" 682
"../../../Engine/Plugins/2D/Paper2D/Content/PlaceholderTextures/DummySpriteTexture.uexp" 683
"../../../Engine/Plugins/2D/Paper2D/Content/DefaultSpriteMaterial.uasset" 684
"../../../Engine/Plugins/2D/Paper2D/Content/DefaultSpriteMaterial.uexp" 685
"../../../Engine/Plugins/2D/Paper2D/Content/OpaqueUnlitSpriteMaterial.uasset" 686
"../../../Engine/Plugins/2D/Paper2D/Content/OpaqueUnlitSpriteMaterial.uexp" 687
"../../../Engine/Plugins/2D/Paper2D/Content/MaskedUnlitSpriteMaterial.uasset" 688
"../../../Engine/Plugins/2D/Paper2D/Content/MaskedUnlitSpriteMaterial.uexp" 689
"../../../Engine/Plugins/2D/Paper2D/Content/DummySprite.uasset" 690
"../../../Engine/Plugins/2D/Paper2D/Content/DummySprite.uexp" 691
"../../../Engine/Plugins/2D/Paper2D/Content/DefaultPaperTerrainMaterial.uasset" 692
"../../../Engine/Plugins/2D/Paper2D/Content/DefaultPaperTerrainMaterial.uexp" 693
"../../../Engine/Plugins/Runtime/HairStrands/Content/Materials/HairMeshesDefaultMaterial.uasset" 694
"../../../Engine/Plugins/Runtime/HairStrands/Content/Materials/HairMeshesDefaultMaterial.uexp" 695
"../../../Engine/Plugins/Runtime/HairStrands/Content/Materials/HairDefaultMaterial.uasset" 696
"../../../Engine/Plugins/Runtime/HairStrands/Content/Materials/HairDefaultMaterial.uexp" 697
"../../../Engine/Plugins/Runtime/HairStrands/Content/Materials/HairGroupColors.uasset" 698
"../../../Engine/Plugins/Runtime/HairStrands/Content/Materials/HairGroupColors.uexp" 699
"../../../Engine/Content/EngineMaterials/HairColorMap.uasset" 700
"../../../Engine/Content/EngineMaterials/HairColorMap.uexp" 701
"../../../Engine/Content/EngineMaterials/HairDebugColor.uasset" 702
"../../../Engine/Content/EngineMaterials/HairDebugColor.uexp" 703
"../../../Engine/Plugins/Runtime/HairStrands/Content/Materials/HairDebugMaterial.uasset" 704
"../../../Engine/Plugins/Runtime/HairStrands/Content/Materials/HairDebugMaterial.uexp" 705
"../../../Engine/Plugins/Runtime/HairStrands/Content/Materials/HairCardsDefaultMaterial.uasset" 706
"../../../Engine/Plugins/Runtime/HairStrands/Content/Materials/HairCardsDefaultMaterial.uexp" 707
"C:/dev/Unreal Engine/ProjectCharted/Content/Levels/L_TestMap.uexp" 708
"C:/dev/Unreal Engine/ProjectCharted/Content/Levels/L_TestMap.umap" 709
"C:/dev/Unreal Engine/ProjectCharted/Content/SFX/OST/Files/Nates_Theme_3_0.ubulk" 710
"C:/dev/Unreal Engine/ProjectCharted/Content/SFX/OST/Files/Nates_Theme_3_0.uasset" 711
"C:/dev/Unreal Engine/ProjectCharted/Content/SFX/OST/Files/Nates_Theme_3_0.uexp" 712
"C:/dev/Unreal Engine/ProjectCharted/Content/SFX/OST/Files/The_Settlement.ubulk" 713
"C:/dev/Unreal Engine/ProjectCharted/Content/SFX/OST/Files/The_Settlement.uasset" 714
"C:/dev/Unreal Engine/ProjectCharted/Content/SFX/OST/Files/The_Settlement.uexp" 715
"C:/dev/Unreal Engine/ProjectCharted/Content/SFX/OST/Files/Secret_Order.ubulk" 716
"C:/dev/Unreal Engine/ProjectCharted/Content/SFX/OST/Files/Secret_Order.uasset" 717
"C:/dev/Unreal Engine/ProjectCharted/Content/SFX/OST/Files/Secret_Order.uexp" 718
"C:/dev/Unreal Engine/ProjectCharted/Content/SFX/OST/Files/Badlands.ubulk" 719
"C:/dev/Unreal Engine/ProjectCharted/Content/SFX/OST/Files/Badlands.uasset" 720
"C:/dev/Unreal Engine/ProjectCharted/Content/SFX/OST/Files/Badlands.uexp" 721
"C:/dev/Unreal Engine/ProjectCharted/Content/SFX/OST/Files/Science_and_Magic.ubulk" 722
"C:/dev/Unreal Engine/ProjectCharted/Content/SFX/OST/Files/Science_and_Magic.uasset" 723
"C:/dev/Unreal Engine/ProjectCharted/Content/SFX/OST/Files/Science_and_Magic.uexp" 724
"C:/dev/Unreal Engine/ProjectCharted/Content/SFX/OST/SC_Theme.uasset" 725
"C:/dev/Unreal Engine/ProjectCharted/Content/SFX/OST/SC_Theme.uexp" 726
"C:/dev/Unreal Engine/ProjectCharted/Content/UserInterface/Components/WBP_ItemCounter.uasset" 727
"C:/dev/Unreal Engine/ProjectCharted/Content/UserInterface/Components/WBP_ItemCounter.uexp" 728
"C:/dev/Unreal Engine/ProjectCharted/Content/UserInterface/Components/WBP_GamemodeDisplay.uasset" 729
"C:/dev/Unreal Engine/ProjectCharted/Content/UserInterface/Components/WBP_GamemodeDisplay.uexp" 730
"C:/dev/Unreal Engine/ProjectCharted/Content/UserInterface/Menus/SubMenus/WBP_GamemodeSelection.uasset" 731
"C:/dev/Unreal Engine/ProjectCharted/Content/UserInterface/Menus/SubMenus/WBP_GamemodeSelection.uexp" 732
"C:/dev/Unreal Engine/ProjectCharted/Content/UserInterface/Menus/SubMenus/WBP_ServerList.uasset" 733
"C:/dev/Unreal Engine/ProjectCharted/Content/UserInterface/Menus/SubMenus/WBP_ServerList.uexp" 734
"C:/dev/Unreal Engine/ProjectCharted/Content/UserInterface/Menus/SubMenus/WBP_ProcessScreen.uasset" 735
"C:/dev/Unreal Engine/ProjectCharted/Content/UserInterface/Menus/SubMenus/WBP_ProcessScreen.uexp" 736
"../../../Engine/Content/EngineFonts/Faces/RobotoLight.uexp" 737
"../../../Engine/Content/EngineFonts/Faces/RobotoLight.uasset" 738
"../../../Engine/Content/EngineFonts/Faces/RobotoLight.ufont" 739
"../../../Engine/Content/EngineFonts/Faces/RobotoBold.uexp" 740
"../../../Engine/Content/EngineFonts/Faces/RobotoBold.uasset" 741
"../../../Engine/Content/EngineFonts/Faces/RobotoBold.ufont" 742
"../../../Engine/Content/EngineFonts/Faces/RobotoRegular.uexp" 743
"../../../Engine/Content/EngineFonts/Faces/RobotoRegular.uasset" 744
"../../../Engine/Content/EngineFonts/Faces/RobotoRegular.ufont" 745
"../../../Engine/Content/EngineFonts/Faces/DroidSansFallback.uexp" 746
"../../../Engine/Content/EngineFonts/Faces/DroidSansFallback.uasset" 747
"../../../Engine/Content/EngineFonts/Faces/DroidSansFallback.ufont" 748
"../../../Engine/Content/EngineFonts/Faces/RobotoItalic.uexp" 749
"../../../Engine/Content/EngineFonts/Faces/RobotoItalic.uasset" 750
"../../../Engine/Content/EngineFonts/Faces/RobotoItalic.ufont" 751
"../../../Engine/Content/EngineFonts/Faces/RobotoBoldItalic.uexp" 752
"../../../Engine/Content/EngineFonts/Faces/RobotoBoldItalic.uasset" 753
"../../../Engine/Content/EngineFonts/Faces/RobotoBoldItalic.ufont" 754
"../../../Engine/Content/EngineFonts/Roboto.uasset" 755
"../../../Engine/Content/EngineFonts/Roboto.uexp" 756
"C:/dev/Unreal Engine/ProjectCharted/Content/UserInterface/Menus/SubMenus/WBP_CreationMenu.uasset" 757
"C:/dev/Unreal Engine/ProjectCharted/Content/UserInterface/Menus/SubMenus/WBP_CreationMenu.uexp" 758
"C:/dev/Unreal Engine/ProjectCharted/Content/UserInterface/Menus/SubMenus/WBP_InformationDisplay.uasset" 759
"C:/dev/Unreal Engine/ProjectCharted/Content/UserInterface/Menus/SubMenus/WBP_InformationDisplay.uexp" 760
"C:/dev/Unreal Engine/ProjectCharted/Content/UserInterface/Menus/SubMenus/WBP_Main.uasset" 761
"C:/dev/Unreal Engine/ProjectCharted/Content/UserInterface/Menus/SubMenus/WBP_Main.uexp" 762
"C:/dev/Unreal Engine/ProjectCharted/Content/UserInterface/Menus/WBP_MainMenu.uasset" 763
"C:/dev/Unreal Engine/ProjectCharted/Content/UserInterface/Menus/WBP_MainMenu.uexp" 764
"C:/dev/Unreal Engine/ProjectCharted/Content/Levels/L_Menu.uexp" 765
"C:/dev/Unreal Engine/ProjectCharted/Content/Levels/L_Menu.umap" 766
"C:/dev/Unreal Engine/ProjectCharted/Content/Levels/L_Lobby.uexp" 767
"C:/dev/Unreal Engine/ProjectCharted/Content/Levels/L_Lobby.umap" 768
"../../../Engine/Content/Maps/Entry_BuiltData.uasset" 769
"../../../Engine/Content/Maps/Entry_BuiltData.uexp" 770
"../../../Engine/Content/Maps/Entry.uexp" 771
"../../../Engine/Content/Maps/Entry.umap" 772
